2023-08-27 15:33:57 info: tempDirectory:c:\Users\MEDHA TRUST\.vscode\extensions\embold-vscode.embold-0.1.5\temp
2023-08-27 15:33:57 info: Extraction complete for source: c:\Users\MEDHA TRUST\.vscode\extensions\embold-vscode.embold-0.1.5\resources\embold-scanner-archive.zip, destination: c:\Users\MEDHA TRUST\.vscode\extensions\embold-vscode.embold-0.1.5\temp
2023-08-27 15:33:57 info: Congratulations, your extension "Embold" is now active!
2023-08-28 15:10:46 info: tempDirectory:c:\Users\MEDHA TRUST\.vscode\extensions\embold-vscode.embold-0.1.5\temp
2023-08-28 15:10:46 info: Extraction complete for source: c:\Users\MEDHA TRUST\.vscode\extensions\embold-vscode.embold-0.1.5\resources\embold-scanner-archive.zip, destination: c:\Users\MEDHA TRUST\.vscode\extensions\embold-vscode.embold-0.1.5\temp
2023-08-28 15:10:46 info: Congratulations, your extension "Embold" is now active!
2023-08-29 22:52:19 info: tempDirectory:c:\Users\MEDHA TRUST\.vscode\extensions\embold-vscode.embold-0.1.5\temp
2023-08-29 22:52:19 info: Extraction complete for source: c:\Users\MEDHA TRUST\.vscode\extensions\embold-vscode.embold-0.1.5\resources\embold-scanner-archive.zip, destination: c:\Users\MEDHA TRUST\.vscode\extensions\embold-vscode.embold-0.1.5\temp
2023-08-29 22:52:19 info: Congratulations, your extension "Embold" is now active!
2023-09-04 22:35:37 info: tempDirectory:c:\Users\MEDHA TRUST\.vscode\extensions\embold-vscode.embold-0.1.5\temp
2023-09-04 22:35:37 info: Extraction complete for source: c:\Users\MEDHA TRUST\.vscode\extensions\embold-vscode.embold-0.1.5\resources\embold-scanner-archive.zip, destination: c:\Users\MEDHA TRUST\.vscode\extensions\embold-vscode.embold-0.1.5\temp
2023-09-04 22:35:37 info: Congratulations, your extension "Embold" is now active!
2023-10-21 21:52:44 info: tempDirectory:c:\Users\MEDHA TRUST\.vscode\extensions\embold-vscode.embold-0.1.6\temp
2023-10-21 21:52:44 info: Congratulations, your extension "Embold" is now active!
2023-10-21 21:52:44 info: Current Version Of Embold
2023-10-21 21:52:44 info: 0.1.6
2023-10-21 21:52:44 info: Extraction complete for source: c:\Users\MEDHA TRUST\.vscode\extensions\embold-vscode.embold-0.1.6\resources\embold-scanner-archive.zip, destination: c:\Users\MEDHA TRUST\.vscode\extensions\embold-vscode.embold-0.1.6\temp
2023-10-21 21:52:47 info: Embold extension version response:
2023-10-21 21:52:47 info: {"hasSupport":false}
2023-10-21 21:52:47 info: current version : 
2023-10-21 21:52:47 info: latest version : 
